0 info it worked if it ends with ok
1 verbose cli [ 'C:\\Program Files\\nodejs\\node.exe',
1 verbose cli   'C:\\Program Files\\nodejs\\node_modules\\npm\\bin\\npm-cli.js',
1 verbose cli   'install',
1 verbose cli   '-',
1 verbose cli   'g',
1 verbose cli   'heroku-cli' ]
2 info using npm@3.10.10
3 info using node@v6.11.0
4 silly loadCurrentTree Starting
5 silly install loadCurrentTree
6 silly install readLocalPackageData
7 silly fetchPackageMetaData -
8 silly fetchPackageMetaData g
9 silly fetchPackageMetaData heroku-cli
10 silly fetchOtherPackageData -
11 silly cache add args [ '-', null ]
12 verbose cache add spec -
13 silly fetchNamedPackageData g
14 silly mapToRegistry name g
15 silly mapToRegistry using default registry
16 silly mapToRegistry registry https://registry.npmjs.org/
17 silly mapToRegistry data Result {
17 silly mapToRegistry   raw: 'g',
17 silly mapToRegistry   scope: null,
17 silly mapToRegistry   escapedName: 'g',
17 silly mapToRegistry   name: 'g',
17 silly mapToRegistry   rawSpec: '',
17 silly mapToRegistry   spec: 'latest',
17 silly mapToRegistry   type: 'tag' }
18 silly mapToRegistry uri https://registry.npmjs.org/g
19 silly fetchNamedPackageData heroku-cli
20 silly mapToRegistry name heroku-cli
21 silly mapToRegistry using default registry
22 silly mapToRegistry registry https://registry.npmjs.org/
23 silly mapToRegistry data Result {
23 silly mapToRegistry   raw: 'heroku-cli',
23 silly mapToRegistry   scope: null,
23 silly mapToRegistry   escapedName: 'heroku-cli',
23 silly mapToRegistry   name: 'heroku-cli',
23 silly mapToRegistry   rawSpec: '',
23 silly mapToRegistry   spec: 'latest',
23 silly mapToRegistry   type: 'tag' }
24 silly mapToRegistry uri https://registry.npmjs.org/heroku-cli
25 silly cache add parsed spec Result {
25 silly cache add   raw: '-',
25 silly cache add   scope: null,
25 silly cache add   escapedName: null,
25 silly cache add   name: null,
25 silly cache add   rawSpec: '-',
25 silly cache add   spec: 'C:\\Users\\rjmea\\documents\\8-10-2017-Express-Day-001\\StarWars\\-',
25 silly cache add   type: 'local' }
26 verbose request uri https://registry.npmjs.org/g
27 verbose request no auth needed
28 info attempt registry request try #1 at 8:55:41 PM
29 verbose request id e18acccce93c1add
30 http request GET https://registry.npmjs.org/g
31 verbose request uri https://registry.npmjs.org/heroku-cli
32 verbose request no auth needed
33 info attempt registry request try #1 at 8:55:41 PM
34 http request GET https://registry.npmjs.org/heroku-cli
35 error addLocal Could not install C:\Users\rjmea\documents\8-10-2017-Express-Day-001\StarWars\-
36 silly fetchPackageMetaData Error: ENOENT: no such file or directory, open 'C:\Users\rjmea\documents\8-10-2017-Express-Day-001\StarWars\-'
36 silly fetchPackageMetaData     at Error (native)
36 silly fetchPackageMetaData  error for - { Error: ENOENT: no such file or directory, open 'C:\Users\rjmea\documents\8-10-2017-Express-Day-001\StarWars\-'
36 silly fetchPackageMetaData     at Error (native)
36 silly fetchPackageMetaData   errno: -4058,
36 silly fetchPackageMetaData   code: 'ENOENT',
36 silly fetchPackageMetaData   syscall: 'open',
36 silly fetchPackageMetaData   path: 'C:\\Users\\rjmea\\documents\\8-10-2017-Express-Day-001\\StarWars\\-' }
37 http 200 https://registry.npmjs.org/g
38 verbose headers { server: 'nginx/1.10.1',
38 verbose headers   'content-type': 'application/json',
38 verbose headers   'last-modified': 'Sat, 14 May 2016 03:19:21 GMT',
38 verbose headers   etag: 'W/"57369939-205b"',
38 verbose headers   'content-encoding': 'gzip',
38 verbose headers   'cache-control': 'max-age=300',
38 verbose headers   'content-length': '1712',
38 verbose headers   'accept-ranges': 'bytes',
38 verbose headers   date: 'Fri, 11 Aug 2017 00:55:39 GMT',
38 verbose headers   via: '1.1 varnish',
38 verbose headers   age: '0',
38 verbose headers   connection: 'keep-alive',
38 verbose headers   'x-served-by': 'cache-iad2128-IAD',
38 verbose headers   'x-cache': 'HIT',
38 verbose headers   'x-cache-hits': '1',
38 verbose headers   'x-timer': 'S1502412939.240605,VS0,VE15',
38 verbose headers   vary: 'Accept-Encoding, Accept' }
39 silly get cb [ 200,
39 silly get   { server: 'nginx/1.10.1',
39 silly get     'content-type': 'application/json',
39 silly get     'last-modified': 'Sat, 14 May 2016 03:19:21 GMT',
39 silly get     etag: 'W/"57369939-205b"',
39 silly get     'content-encoding': 'gzip',
39 silly get     'cache-control': 'max-age=300',
39 silly get     'content-length': '1712',
39 silly get     'accept-ranges': 'bytes',
39 silly get     date: 'Fri, 11 Aug 2017 00:55:39 GMT',
39 silly get     via: '1.1 varnish',
39 silly get     age: '0',
39 silly get     connection: 'keep-alive',
39 silly get     'x-served-by': 'cache-iad2128-IAD',
39 silly get     'x-cache': 'HIT',
39 silly get     'x-cache-hits': '1',
39 silly get     'x-timer': 'S1502412939.240605,VS0,VE15',
39 silly get     vary: 'Accept-Encoding, Accept' } ]
40 verbose get saving g to C:\Users\rjmea\AppData\Roaming\npm-cache\registry.npmjs.org\g\.cache.json
41 verbose correctMkdir C:\Users\rjmea\AppData\Roaming\npm-cache correctMkdir not in flight; initializing
42 http 200 https://registry.npmjs.org/heroku-cli
43 verbose headers { server: 'nginx/1.10.1',
43 verbose headers   'content-type': 'application/json',
43 verbose headers   'last-modified': 'Tue, 08 Aug 2017 17:35:41 GMT',
43 verbose headers   etag: 'W/"5989f66d-3d745"',
43 verbose headers   'content-encoding': 'gzip',
43 verbose headers   'cache-control': 'max-age=300',
43 verbose headers   'content-length': '20277',
43 verbose headers   'accept-ranges': 'bytes',
43 verbose headers   date: 'Fri, 11 Aug 2017 00:55:39 GMT',
43 verbose headers   via: '1.1 varnish',
43 verbose headers   age: '0',
43 verbose headers   connection: 'keep-alive',
43 verbose headers   'x-served-by': 'cache-iad2624-IAD',
43 verbose headers   'x-cache': 'MISS',
43 verbose headers   'x-cache-hits': '0',
43 verbose headers   'x-timer': 'S1502412939.242985,VS0,VE1',
43 verbose headers   vary: 'Accept-Encoding, Accept' }
44 silly get cb [ 200,
44 silly get   { server: 'nginx/1.10.1',
44 silly get     'content-type': 'application/json',
44 silly get     'last-modified': 'Tue, 08 Aug 2017 17:35:41 GMT',
44 silly get     etag: 'W/"5989f66d-3d745"',
44 silly get     'content-encoding': 'gzip',
44 silly get     'cache-control': 'max-age=300',
44 silly get     'content-length': '20277',
44 silly get     'accept-ranges': 'bytes',
44 silly get     date: 'Fri, 11 Aug 2017 00:55:39 GMT',
44 silly get     via: '1.1 varnish',
44 silly get     age: '0',
44 silly get     connection: 'keep-alive',
44 silly get     'x-served-by': 'cache-iad2624-IAD',
44 silly get     'x-cache': 'MISS',
44 silly get     'x-cache-hits': '0',
44 silly get     'x-timer': 'S1502412939.242985,VS0,VE1',
44 silly get     vary: 'Accept-Encoding, Accept' } ]
45 verbose get saving heroku-cli to C:\Users\rjmea\AppData\Roaming\npm-cache\registry.npmjs.org\heroku-cli\.cache.json
46 verbose correctMkdir C:\Users\rjmea\AppData\Roaming\npm-cache correctMkdir not in flight; initializing
47 silly rollbackFailedOptional Starting
48 silly rollbackFailedOptional Finishing
49 silly runTopLevelLifecycles Finishing
50 silly install printInstalled
51 verbose stack Error: ENOENT: no such file or directory, open 'C:\Users\rjmea\documents\8-10-2017-Express-Day-001\StarWars\-'
51 verbose stack     at Error (native)
52 verbose cwd C:\Users\rjmea\documents\8-10-2017-Express-Day-001\StarWars
53 error Windows_NT 10.0.15063
54 error argv "C:\\Program Files\\nodejs\\node.exe" "C:\\Program Files\\nodejs\\node_modules\\npm\\bin\\npm-cli.js" "install" "-" "g" "heroku-cli"
55 error node v6.11.0
56 error npm  v3.10.10
57 error path C:\Users\rjmea\documents\8-10-2017-Express-Day-001\StarWars\-
58 error code ENOENT
59 error errno -4058
60 error syscall open
61 error enoent ENOENT: no such file or directory, open 'C:\Users\rjmea\documents\8-10-2017-Express-Day-001\StarWars\-'
62 error enoent ENOENT: no such file or directory, open 'C:\Users\rjmea\documents\8-10-2017-Express-Day-001\StarWars\-'
62 error enoent This is most likely not a problem with npm itself
62 error enoent and is related to npm not being able to find a file.
63 verbose exit [ -4058, true ]
